<?xml version="1.0" encoding="UTF-8"?>
<!-- Generated by org.testng.reporters.JUnitReportReporter -->
<testsuite hostname="LP003679" failures="0" tests="1" name="com.schemavalidation.SchemaValidation" time="1.877" errors="0" timestamp="2022-08-01T13:17:11 IST" skipped="0">
  <testcase classname="com.schemavalidation.SchemaValidation" name="test" time="1.877"/>
  <system-out/>
</testsuite> <!-- com.schemavalidation.SchemaValidation -->
