<?xml version="1.0" encoding="UTF-8"?>
<!-- Generated by org.testng.reporters.JUnitReportReporter -->
<testsuite hostname="LP003679" failures="0" tests="3" name="com.testcodes.Login" time="5.296" errors="0" timestamp="2022-07-28T17:08:16 IST" skipped="0">
  <testcase classname="com.testcodes.Login" name="test_put" time="0.461"/>
  <system-out/>
  <testcase classname="com.testcodes.Login" name="TestGet" time="3.003"/>
  <system-out/>
  <testcase classname="com.testcodes.Login" name="testpost" time="1.832"/>
  <system-out/>
</testsuite> <!-- com.testcodes.Login -->
