<?xml version="1.0" encoding="UTF-8"?>
<!-- Generated by org.testng.reporters.JUnitReportReporter -->
<testsuite hostname="LP003679" failures="0" tests="1" name="com.testcodes.SOAPxmlrequest" time="2.190" errors="0" timestamp="2022-08-02T12:01:35 IST" skipped="0">
  <testcase classname="com.testcodes.SOAPxmlrequest" name="soapXml" time="2.190"/>
  <system-out/>
</testsuite> <!-- com.testcodes.SOAPxmlrequest -->
